<fileupload size="9472863">
  <file name="Joomla_3.2.0-Stable-Full_Package.zip" tmpfile="/home3/poec/tmp/Cpanel_Form_file.upload.YCnp9yibNB855SPu">
    <progress bytes="342996" bps="64020.29"></progress>
    <progress bytes="408532" bps="67462.46"></progress>
    <progress bytes="474068" bps="66672.50"></progress>
    <progress bytes="539604" bps="66969.07"></progress>
    <progress bytes="605140" bps="63900.53"></progress>
    <progress bytes="670676" bps="63102.51"></progress>
    <progress bytes="736212" bps="65379.35"></progress>
    <progress bytes="801748" bps="62837.63"></progress>
    <progress bytes="867284" bps="64877.11"></progress>
    <progress bytes="932820" bps="32709.81"></progress>
    <progress bytes="998356" bps="11858.65"></progress>
    <progress bytes="1063892" bps="10203.23"></progress>
    <progress bytes="1129428" bps="23118.93"></progress>
    <progress bytes="1194964" bps="43114.06"></progress>
    <progress bytes="1260500" bps="58806.01"></progress>
    <progress bytes="1326036" bps="57762.50"></progress>
    <progress bytes="1391572" bps="59351.41"></progress>
    <progress bytes="1457108" bps="62088.00"></progress>
    <progress bytes="1522644" bps="61517.20"></progress>
    <progress bytes="1588180" bps="66633.93"></progress>
    <progress bytes="1653716" bps="63675.71"></progress>
    <progress bytes="1719252" bps="62468.66"></progress>
    <progress bytes="1784788" bps="64730.88"></progress>
    <progress bytes="1850324" bps="62484.15"></progress>
    <progress bytes="1915860" bps="63218.96"></progress>
    <progress bytes="1981396" bps="61734.22"></progress>
    <progress bytes="2046932" bps="62018.67"></progress>
    <progress bytes="2112468" bps="63552.83"></progress>
    <progress bytes="2178004" bps="38394.19"></progress>
    <progress bytes="2243540" bps="46935.27"></progress>
    <progress bytes="2309076" bps="64137.80"></progress>
    <progress bytes="2374612" bps="61463.66"></progress>
    <progress bytes="2440148" bps="63953.10"></progress>
    <progress bytes="2505684" bps="64838.98"></progress>
    <progress bytes="2571220" bps="65068.74"></progress>
    <progress bytes="2636756" bps="65195.22"></progress>
    <progress bytes="2702292" bps="43538.83"></progress>
    <progress bytes="2767828" bps="44731.48"></progress>
    <progress bytes="2833364" bps="30452.24"></progress>
    <progress bytes="2898900" bps="36546.51"></progress>
    <progress bytes="2964436" bps="41130.25"></progress>
    <progress bytes="3029972" bps="35585.79"></progress>
    <progress bytes="3095508" bps="31898.15"></progress>
    <progress bytes="3161044" bps="43119.31"></progress>
    <progress bytes="3226580" bps="44349.85"></progress>
    <progress bytes="3292116" bps="40744.28"></progress>
    <progress bytes="3357652" bps="41826.97"></progress>
    <progress bytes="3423188" bps="43389.74"></progress>
    <progress bytes="3488724" bps="43879.73"></progress>
    <progress bytes="3554260" bps="53157.78"></progress>
    <progress bytes="3619796" bps="59600.18"></progress>
    <progress bytes="3685332" bps="58963.20"></progress>
    <progress bytes="3750868" bps="65599.96"></progress>
    <progress bytes="3816404" bps="64141.06"></progress>
    <progress bytes="3881940" bps="60989.25"></progress>
    <progress bytes="3947476" bps="63441.23"></progress>
    <progress bytes="4013012" bps="66044.94"></progress>
    <progress bytes="4078548" bps="62066.07"></progress>
    <progress bytes="4144084" bps="59376.84"></progress>
    <progress bytes="4209620" bps="64041.40"></progress>
    <progress bytes="4275156" bps="64292.39"></progress>
    <progress bytes="4340692" bps="59834.93"></progress>
    <progress bytes="4406228" bps="29697.97"></progress>
    <progress bytes="4471764" bps="32094.58"></progress>
    <progress bytes="4537300" bps="39152.59"></progress>
    <progress bytes="4602836" bps="17955.78"></progress>
    <progress bytes="4668372" bps="14186.79"></progress>
    <progress bytes="4733908" bps="24572.32"></progress>
    <progress bytes="4799444" bps="23582.57"></progress>
    <progress bytes="4864980" bps="30137.13"></progress>
    <progress bytes="4930516" bps="27479.89"></progress>
    <progress bytes="4996052" bps="36913.04"></progress>
    <progress bytes="5061588" bps="39104.35"></progress>
    <progress bytes="5127124" bps="49856.90"></progress>
    <progress bytes="5192660" bps="64921.71"></progress>
    <progress bytes="5258196" bps="60058.10"></progress>
    <progress bytes="5323732" bps="60655.93"></progress>
    <progress bytes="5389268" bps="63476.75"></progress>
    <progress bytes="5454804" bps="59549.00"></progress>
    <progress bytes="5520340" bps="63293.76"></progress>
    <progress bytes="5585876" bps="60430.86"></progress>
    <progress bytes="5651412" bps="61162.46"></progress>
    <progress bytes="5716948" bps="57544.91"></progress>
    <progress bytes="5782484" bps="61804.67"></progress>
    <progress bytes="5848020" bps="55159.74"></progress>
    <progress bytes="5913556" bps="60697.84"></progress>
    <progress bytes="5979092" bps="63088.06"></progress>
    <progress bytes="6044628" bps="37024.63"></progress>
    <progress bytes="6110164" bps="69139.63"></progress>
    <progress bytes="6175700" bps="35492.03"></progress>
    <progress bytes="6241236" bps="48974.64"></progress>
    <progress bytes="6306772" bps="53225.39"></progress>
    <progress bytes="6372308" bps="48673.11"></progress>
    <progress bytes="6437844" bps="50910.49"></progress>
    <progress bytes="6503380" bps="60329.78"></progress>
    <progress bytes="6568916" bps="61895.79"></progress>
    <progress bytes="6634452" bps="61934.45"></progress>
    <progress bytes="6699988" bps="64791.67"></progress>
    <progress bytes="6765524" bps="64325.02"></progress>
    <progress bytes="6831060" bps="64152.49"></progress>
    <progress bytes="6896596" bps="63795.84"></progress>
    <progress bytes="6962132" bps="61876.79"></progress>
    <progress bytes="7027668" bps="60063.99"></progress>
    <progress bytes="7093204" bps="36803.01"></progress>
    <progress bytes="7158740" bps="11255.30"></progress>
    <progress bytes="7224276" bps="13010.85"></progress>
    <progress bytes="7289812" bps="15132.18"></progress>
    <progress bytes="7355348" bps="17935.60"></progress>
    <progress bytes="7420884" bps="37216.11"></progress>
    <progress bytes="7486420" bps="57208.30"></progress>
    <progress bytes="7551956" bps="56277.70"></progress>
    <progress bytes="7617492" bps="61520.90"></progress>
    <progress bytes="7683028" bps="59669.91"></progress>
    <progress bytes="7748564" bps="62260.77"></progress>
    <progress bytes="7814100" bps="63690.38"></progress>
    <progress bytes="7879636" bps="60423.79"></progress>
    <progress bytes="7945172" bps="62011.57"></progress>
    <progress bytes="8010708" bps="64233.66"></progress>
    <progress bytes="8076244" bps="62039.63"></progress>
    <progress bytes="8141780" bps="63726.86"></progress>
    <progress bytes="8207316" bps="62698.58"></progress>
    <progress bytes="8272852" bps="66221.86"></progress>
    <progress bytes="8338388" bps="63565.22"></progress>
    <progress bytes="8403924" bps="38772.60"></progress>
    <progress bytes="8469460" bps="39168.06"></progress>
    <progress bytes="8534996" bps="63628.79"></progress>
    <progress bytes="8600532" bps="53485.81"></progress>
    <progress bytes="8666068" bps="56425.58"></progress>
    <progress bytes="8731604" bps="60383.76"></progress>
    <progress bytes="8797140" bps="60377.69"></progress>
    <progress bytes="8862676" bps="64570.67"></progress>
    <progress bytes="8928212" bps="63061.47"></progress>
    <progress bytes="8993748" bps="65828.94"></progress>
    <progress bytes="9059284" bps="62329.70"></progress>
    <progress bytes="9124820" bps="63724.50"></progress>
    <progress bytes="9190356" bps="40624.32"></progress>
    <progress bytes="9255892" bps="57367.70"></progress>
    <progress bytes="9321428" bps="37817.68"></progress>
    <progress bytes="9386964" bps="46718.33"></progress>
    <progress bytes="9452500" bps="52279.91"></progress>
    <progress bytes="9471751" bps="45263.24"></progress>
    <progress filesize="9471749" complete="1"></progress>
  </file>
</fileupload>
